<?xml version="1.0" encoding="UTF-8"?>
<testng-results skipped="0" failed="1" ignored="0" total="1" passed="0">
  <reporter-output>
  </reporter-output>
  <suite name="Default suite" duration-ms="21452" started-at="2018-06-29T10:04:38Z" finished-at="2018-06-29T10:04:59Z">
    <groups>
    </groups>
    <test name="Default test" duration-ms="21452" started-at="2018-06-29T10:04:38Z" finished-at="2018-06-29T10:04:59Z">
      <class name="settings.Hospital_Regtest">
        <test-method status="PASS" signature="browser()[pri:0, instance:settings.Hospital_Regtest@19e5ddf]" name="browser" is-config="true" duration-ms="16790" started-at="2018-06-29T10:04:38Z" finished-at="2018-06-29T10:04:55Z">
          <reporter-output>
          </reporter-output>
        </test-method> <!-- browser -->
        <test-method status="FAIL" signature="hsptl()[pri:0, instance:settings.Hospital_Regtest@19e5ddf]" name="hsptl" duration-ms="4584" started-at="2018-06-29T10:04:55Z" finished-at="2018-06-29T10:04:59Z">
          <exception class="org.openqa.selenium.NoSuchElementException">
            <message>
              <![CDATA[Cannot locate option with index: 2018
For documentation on this error, please visit: http://seleniumhq.org/exceptions/no_such_element.html
Build info: version: '3.12.0', revision: '7c6e0b3', time: '2018-05-08T15:15:08.936Z'
System info: host: 'EDU15-PC', ip: '192.168.0.130', os.name: 'Windows 7', os.arch: 'x86', os.version: '6.1', java.version: '1.8.0_171'
Driver info: driver.version: unknown]]>
            </message>
            <full-stacktrace>
              <![CDATA[org.openqa.selenium.NoSuchElementException: Cannot locate option with index: 2018
For documentation on this error, please visit: http://seleniumhq.org/exceptions/no_such_element.html
Build info: version: '3.12.0', revision: '7c6e0b3', time: '2018-05-08T15:15:08.936Z'
System info: host: 'EDU15-PC', ip: '192.168.0.130', os.name: 'Windows 7', os.arch: 'x86', os.version: '6.1', java.version: '1.8.0_171'
Driver info: driver.version: unknown
at org.openqa.selenium.support.ui.Select.selectByIndex(Select.java:183)
at settings.Hospital_Regtest.hsptl(Hospital_Regtest.java:20)
at sun.reflect.NativeMethodAccessorImpl.invoke0(Native Method)
at sun.reflect.NativeMethodAccessorImpl.invoke(Unknown Source)
at sun.reflect.DelegatingMethodAccessorImpl.invoke(Unknown Source)
at java.lang.reflect.Method.invoke(Unknown Source)
at org.testng.internal.MethodInvocationHelper.invokeMethod(MethodInvocationHelper.java:124)
at org.testng.internal.Invoker.invokeMethod(Invoker.java:580)
at org.testng.internal.Invoker.invokeTestMethod(Invoker.java:716)
at org.testng.internal.Invoker.invokeTestMethods(Invoker.java:988)
at org.testng.internal.TestMethodWorker.invokeTestMethods(TestMethodWorker.java:125)
at org.testng.internal.TestMethodWorker.run(TestMethodWorker.java:109)
at org.testng.TestRunner.privateRun(TestRunner.java:648)
at org.testng.TestRunner.run(TestRunner.java:505)
at org.testng.SuiteRunner.runTest(SuiteRunner.java:455)
at org.testng.SuiteRunner.runSequentially(SuiteRunner.java:450)
at org.testng.SuiteRunner.privateRun(SuiteRunner.java:415)
at org.testng.SuiteRunner.run(SuiteRunner.java:364)
at org.testng.SuiteRunnerWorker.runSuite(SuiteRunnerWorker.java:52)
at org.testng.SuiteRunnerWorker.run(SuiteRunnerWorker.java:84)
at org.testng.TestNG.runSuitesSequentially(TestNG.java:1208)
at org.testng.TestNG.runSuitesLocally(TestNG.java:1137)
at org.testng.TestNG.runSuites(TestNG.java:1049)
at org.testng.TestNG.run(TestNG.java:1017)
at org.testng.remote.AbstractRemoteTestNG.run(AbstractRemoteTestNG.java:114)
at org.testng.remote.RemoteTestNG.initAndRun(RemoteTestNG.java:251)
at org.testng.remote.RemoteTestNG.main(RemoteTestNG.java:77)
]]>
            </full-stacktrace>
          </exception> <!-- org.openqa.selenium.NoSuchElementException -->
          <reporter-output>
          </reporter-output>
        </test-method> <!-- hsptl -->
        <test-method status="PASS" signature="afterTest()[pri:0, instance:settings.Hospital_Regtest@19e5ddf]" name="afterTest" is-config="true" duration-ms="0" started-at="2018-06-29T10:04:59Z" finished-at="2018-06-29T10:04:59Z">
          <reporter-output>
          </reporter-output>
        </test-method> <!-- afterTest -->
      </class> <!-- settings.Hospital_Regtest -->
    </test> <!-- Default test -->
  </suite> <!-- Default suite -->
</testng-results>
