<?xml version="1.0" encoding="UTF-8"?>
<testng-results skipped="0" failed="0" ignored="0" total="1" passed="1">
  <reporter-output>
  </reporter-output>
  <suite name="Default suite" duration-ms="10530" started-at="2018-06-30T09:38:08Z" finished-at="2018-06-30T09:38:18Z">
    <groups>
    </groups>
    <test name="Default test" duration-ms="10530" started-at="2018-06-30T09:38:08Z" finished-at="2018-06-30T09:38:18Z">
      <class name="fileup.FileuploadTest">
        <test-method status="PASS" signature="browser()[pri:0, instance:fileup.FileuploadTest@6d64ab]" name="browser" is-config="true" duration-ms="9832" started-at="2018-06-30T09:38:08Z" finished-at="2018-06-30T09:38:18Z">
          <reporter-output>
          </reporter-output>
        </test-method> <!-- browser -->
        <test-method status="PASS" signature="upload()[pri:0, instance:fileup.FileuploadTest@6d64ab]" name="upload" duration-ms="649" started-at="2018-06-30T09:38:18Z" finished-at="2018-06-30T09:38:18Z">
          <reporter-output>
          </reporter-output>
        </test-method> <!-- upload -->
      </class> <!-- fileup.FileuploadTest -->
    </test> <!-- Default test -->
  </suite> <!-- Default suite -->
</testng-results>
